#
# There is insufficient memory for the Java Runtime Environment to continue.
# Native memory allocation (mmap) failed to map 232783872 bytes for G1 virtual space
# Possible reasons:
#   The system is out of physical RAM or swap space
#   The process is running with CompressedOops enabled, and the Java Heap may be blocking the growth of the native heap
# Possible solutions:
#   Reduce memory load on the system
#   Increase physical memory or swap space
#   Check if swap backing store is full
#   Decrease Java heap size (-Xmx/-Xms)
#   Decrease number of Java threads
#   Decrease Java thread stack sizes (-Xss)
#   Set larger code cache with -XX:ReservedCodeCacheSize=
#   JVM is running with Zero Based Compressed Oops mode in which the Java heap is
#     placed in the first 32GB address space. The Java Heap base address is the
#     maximum limit for the native heap growth. Please use -XX:HeapBaseMinAddress
#     to set the Java Heap base and to place the Java Heap above 32GB virtual address.
# This output file may be truncated or incomplete.
#
#  Out of Memory Error (os_windows.cpp:3530), pid=4572, tid=25308
#
# JRE version:  (18.0+36) (build )
# Java VM: Java HotSpot(TM) 64-Bit Server VM (18+36-2087, mixed mode, sharing, tiered, compressed oops, compressed class ptrs, g1 gc, windows-amd64)
# No core dump will be written. Minidumps are not enabled by default on client versions of Windows
#

---------------  S U M M A R Y ------------

Command Line: -XX:+ShowCodeDetailsInExceptionMessages --module-path=D:\dev\projects\blinky-desktop\blinky\target\classes;C:\Users\Wendy\.m2\repository\org\openjfx\javafx-controls\13\javafx-controls-13-win.jar;C:\Users\Wendy\.m2\repository\org\openjfx\javafx-graphics\13\javafx-graphics-13-win.jar;C:\Users\Wendy\.m2\repository\org\openjfx\javafx-base\13\javafx-base-13-win.jar;C:\Users\Wendy\.m2\repository\org\openjfx\javafx-fxml\13\javafx-fxml-13-win.jar -Djdk.module.main=com.blinky.istesa com.blinky.istesa/com.blinky.istesa.App

Host: AMD Ryzen 5 5600H with Radeon Graphics         , 12 cores, 13G,  Windows 11 , 64 bit Build 22621 (10.0.22621.3374)
Time: Mon Apr 22 10:30:14 2024 SE Asia Standard Time elapsed time: 0.010406 seconds (0d 0h 0m 0s)

---------------  T H R E A D  ---------------

Current thread (0x0000019beb0074f0):  JavaThread "Unknown thread" [_thread_in_vm, id=25308, stack(0x0000001545d00000,0x0000001545e00000)]

Stack: [0x0000001545d00000,0x0000001545e00000]
Native frames: (J=compiled Java code, j=interpreted, Vv=VM code, C=native code)
V  [jvm.dll+0x69804a]
V  [jvm.dll+0x7f308d]
V  [jvm.dll+0x7f499e]
V  [jvm.dll+0x7f5053]
V  [jvm.dll+0x25ca3f]
V  [jvm.dll+0x694f99]
V  [jvm.dll+0x689aca]
V  [jvm.dll+0x321efb]
V  [jvm.dll+0x3298d6]
V  [jvm.dll+0x37e47e]
V  [jvm.dll+0x37e6af]
V  [jvm.dll+0x2f9c7a]
V  [jvm.dll+0x2facdd]
V  [jvm.dll+0x7c1cc0]
V  [jvm.dll+0x38b801]
V  [jvm.dll+0x7a09d3]
V  [jvm.dll+0x40d6bf]
V  [jvm.dll+0x40f091]
C  [jli.dll+0x526b]
C  [ucrtbase.dll+0x29333]
C  [KERNEL32.DLL+0x1257d]
C  [ntdll.dll+0x5aa48]


---------------  P R O C E S S  ---------------

Threads class SMR info:
_java_thread_list=0x00007ffee5d6e550, length=0, elements={
}

Java Threads: ( => current thread )

Other Threads:
  0x0000019beb06e550 WorkerThread "GC Thread#0" [stack: 0x0000001545e00000,0x0000001545f00000] [id=20892]
  0x0000019beb07d240 ConcurrentGCThread "G1 Main Marker" [stack: 0x0000001545f00000,0x0000001546000000] [id=7344]
  0x0000019beb07f3e0 WorkerThread "G1 Conc#0" [stack: 0x0000001546000000,0x0000001546100000] [id=19472]

[error occurred during error reporting (printing all threads), id 0xc0000005, EXCEPTION_ACCESS_VIOLATION (0xc0000005) at pc=0x00007ffee559a217]

VM state: not at safepoint (not fully initialized)

VM Mutex/Monitor currently owned by a thread:  ([mutex/lock_event])
[0x0000019beb000ab0] Heap_lock - owner thread: 0x0000019beb0074f0

Heap address: 0x0000000722400000, size: 3548 MB, Compressed Oops mode: Zero based, Oop shift amount: 3

CDS archive(s) mapped at: [0x0000000000000000-0x0000000000000000-0x0000000000000000), size 0, SharedBaseAddress: 0x0000000800000000, ArchiveRelocationMode: 0.
Narrow klass base: 0x0000000000000000, Narrow klass shift: 0, Narrow klass range: 0x0

GC Precious Log:
 CardTable entry size: 512
 Card Set container configuration: InlinePtr #cards 4 size 8 Array Of Cards #cards 16 size 48 Howl #buckets 8 coarsen threshold 3686 Howl Bitmap #cards 512 size 80 coarsen threshold 460 Card regions per heap region 1 cards per card region 4096

Heap:
 garbage-first heap   total 0K, used 0K [0x0000000722400000, 0x0000000800000000)
  region size 2048K, 0 young (0K), 0 survivors (0K)

[error occurred during error reporting (printing heap information), id 0xc0000005, EXCEPTION_ACCESS_VIOLATION (0xc0000005) at pc=0x00007ffee5980489]

GC Heap History (0 events):
No events

Deoptimization events (0 events):
No events

Classes loaded (0 events):
No events

Classes unloaded (0 events):
No events

Classes redefined (0 events):
No events

Internal exceptions (0 events):
No events

VM Operations (0 events):
No events

Events (1 events):
Event: 0.006 Loaded shared library C:\Program Files\Java\jdk-18\bin\java.dll


Dynamic libraries:
0x00007ff679d20000 - 0x00007ff679d30000 	C:\Program Files\Java\jdk-18\bin\java.exe
0x00007fff50510000 - 0x00007fff50726000 	C:\WINDOWS\SYSTEM32\ntdll.dll
0x00007fff50250000 - 0x00007fff50314000 	C:\WINDOWS\System32\KERNEL32.DLL
0x00007fff4db50000 - 0x00007fff4def7000 	C:\WINDOWS\System32\KERNELBASE.dll
0x00007fff4d8a0000 - 0x00007fff4d9b1000 	C:\WINDOWS\System32\ucrtbase.dll
0x00007fff391b0000 - 0x00007fff391ca000 	C:\Program Files\Java\jdk-18\bin\VCRUNTIME140.dll
0x00007fff391d0000 - 0x00007fff391e8000 	C:\Program Files\Java\jdk-18\bin\jli.dll
0x00007fff503e0000 - 0x00007fff50492000 	C:\WINDOWS\System32\ADVAPI32.dll
0x00007fff4f780000 - 0x00007fff4f827000 	C:\WINDOWS\System32\msvcrt.dll
0x00007fff50320000 - 0x00007fff503c8000 	C:\WINDOWS\System32\sechost.dll
0x00007fff4d9c0000 - 0x00007fff4d9e8000 	C:\WINDOWS\System32\bcrypt.dll
0x00007fff4f9b0000 - 0x00007fff4fac5000 	C:\WINDOWS\System32\RPCRT4.dll
0x00007fff4ffe0000 - 0x00007fff5018e000 	C:\WINDOWS\System32\USER32.dll
0x00007fff4df00000 - 0x00007fff4df26000 	C:\WINDOWS\System32\win32u.dll
0x00007fff3cf30000 - 0x00007fff3d1c3000 	C:\WINDOWS\WinSxS\amd64_microsoft.windows.common-controls_6595b64144ccf1df_6.0.22621.3235_none_270f74e173860f98\COMCTL32.dll
0x00007fff504a0000 - 0x00007fff504c9000 	C:\WINDOWS\System32\GDI32.dll
0x00007fff4e120000 - 0x00007fff4e239000 	C:\WINDOWS\System32\gdi32full.dll
0x00007fff4d9f0000 - 0x00007fff4da8a000 	C:\WINDOWS\System32\msvcp_win.dll
0x00007fff44c50000 - 0x00007fff44c5a000 	C:\WINDOWS\SYSTEM32\VERSION.dll
0x00007fff4e700000 - 0x00007fff4e731000 	C:\WINDOWS\System32\IMM32.DLL
0x00007fff391a0000 - 0x00007fff391ac000 	C:\Program Files\Java\jdk-18\bin\vcruntime140_1.dll
0x00007fff39110000 - 0x00007fff3919d000 	C:\Program Files\Java\jdk-18\bin\msvcp140.dll
0x00007ffee5290000 - 0x00007ffee5ea1000 	C:\Program Files\Java\jdk-18\bin\server\jvm.dll
0x00007fff503d0000 - 0x00007fff503d8000 	C:\WINDOWS\System32\PSAPI.DLL
0x00007fff45a20000 - 0x00007fff45a54000 	C:\WINDOWS\SYSTEM32\WINMM.dll
0x00007fff29800000 - 0x00007fff29809000 	C:\WINDOWS\SYSTEM32\WSOCK32.dll
0x00007fff4e680000 - 0x00007fff4e6f1000 	C:\WINDOWS\System32\WS2_32.dll
0x00007fff4c960000 - 0x00007fff4c978000 	C:\WINDOWS\SYSTEM32\kernel.appcore.dll
0x00007fff39100000 - 0x00007fff3910a000 	C:\Program Files\Java\jdk-18\bin\jimage.dll
0x00007fff4b250000 - 0x00007fff4b483000 	C:\WINDOWS\SYSTEM32\DBGHELP.DLL
0x00007fff4e2f0000 - 0x00007fff4e678000 	C:\WINDOWS\System32\combase.dll
0x00007fff4f460000 - 0x00007fff4f537000 	C:\WINDOWS\System32\OLEAUT32.dll
0x00007fff30a30000 - 0x00007fff30a62000 	C:\WINDOWS\SYSTEM32\dbgcore.DLL
0x00007fff4e0a0000 - 0x00007fff4e119000 	C:\WINDOWS\System32\bcryptPrimitives.dll
0x00007fff390d0000 - 0x00007fff390f5000 	C:\Program Files\Java\jdk-18\bin\java.dll

dbghelp: loaded successfully - version: 4.0.5 - missing functions: none
symbol engine: initialized successfully - sym options: 0x614 - pdb path: .;C:\Program Files\Java\jdk-18\bin;C:\WINDOWS\SYSTEM32;C:\WINDOWS\WinSxS\amd64_microsoft.windows.common-controls_6595b64144ccf1df_6.0.22621.3235_none_270f74e173860f98;C:\Program Files\Java\jdk-18\bin\server

VM Arguments:
jvm_args: -XX:+ShowCodeDetailsInExceptionMessages --module-path=D:\dev\projects\blinky-desktop\blinky\target\classes;C:\Users\Wendy\.m2\repository\org\openjfx\javafx-controls\13\javafx-controls-13-win.jar;C:\Users\Wendy\.m2\repository\org\openjfx\javafx-graphics\13\javafx-graphics-13-win.jar;C:\Users\Wendy\.m2\repository\org\openjfx\javafx-base\13\javafx-base-13-win.jar;C:\Users\Wendy\.m2\repository\org\openjfx\javafx-fxml\13\javafx-fxml-13-win.jar -Djdk.module.main=com.blinky.istesa 
java_command: com.blinky.istesa/com.blinky.istesa.App
java_class_path (initial): C:\Users\Wendy\.m2\repository\org\openjfx\javafx-controls\13\javafx-controls-13.jar;C:\Users\Wendy\.m2\repository\org\openjfx\javafx-graphics\13\javafx-graphics-13.jar;C:\Users\Wendy\.m2\repository\org\openjfx\javafx-base\13\javafx-base-13.jar;C:\Users\Wendy\.m2\repository\org\openjfx\javafx-fxml\13\javafx-fxml-13.jar
Launcher Type: SUN_STANDARD

[Global flags]
     intx CICompilerCount                          = 4                                         {product} {ergonomic}
     uint ConcGCThreads                            = 3                                         {product} {ergonomic}
     uint G1ConcRefinementThreads                  = 10                                        {product} {ergonomic}
   size_t G1HeapRegionSize                         = 2097152                                   {product} {ergonomic}
    uintx GCDrainStackTargetSize                   = 64                                        {product} {ergonomic}
   size_t InitialHeapSize                          = 232783872                                 {product} {ergonomic}
   size_t MarkStackSize                            = 4194304                                   {product} {ergonomic}
   size_t MaxHeapSize                              = 3720347648                                {product} {ergonomic}
   size_t MinHeapDeltaBytes                        = 2097152                                   {product} {ergonomic}
   size_t MinHeapSize                              = 8388608                                   {product} {ergonomic}
    uintx NonNMethodCodeHeapSize                   = 5839372                                {pd product} {ergonomic}
    uintx NonProfiledCodeHeapSize                  = 122909434                              {pd product} {ergonomic}
    uintx ProfiledCodeHeapSize                     = 122909434                              {pd product} {ergonomic}
    uintx ReservedCodeCacheSize                    = 251658240                              {pd product} {ergonomic}
     bool SegmentedCodeCache                       = true                                      {product} {ergonomic}
     bool ShowCodeDetailsInExceptionMessages       = true                                   {manageable} {command line}
   size_t SoftMaxHeapSize                          = 3720347648                             {manageable} {ergonomic}
     bool UseCompressedClassPointers               = true                           {product lp64_product} {ergonomic}
     bool UseCompressedOops                        = true                           {product lp64_product} {ergonomic}
     bool UseG1GC                                  = true                                      {product} {ergonomic}
     bool UseLargePagesIndividualAllocation        = false                                  {pd product} {ergonomic}

Logging:
Log output configuration:
 #0: stdout all=warning uptime,level,tags foldmultilines=false
 #1: stderr all=off uptime,level,tags foldmultilines=false

Environment Variables:
JAVA_HOME=C:\Program Files\Java\jdk-18
PATH=D:\Oculus\Support\oculus-runtime;C:\Program Files (x86)\Common Files\Intel\Shared Libraries\redist\intel64\compiler;C:\ProgramData\Oracle\Java\javapath;C:\Program Files\Common Files\Oracle\Java\javapath;C:\Windows\system32;C:\Windows;C:\Windows\System32\Wbem;C:\Windows\System32\WindowsPowerShell\v1.0\;C:\Windows\System32\OpenSSH\;C:\Program Files (x86)\NVIDIA Corporation\PhysX\Common;D:\Git\cmd;C:\Program Files\Java\jdk-18.0.1.1\bin;C:\xampp\php;C:\ProgramData\ComposerSetup\bin;C:\Program Files (x86)\GtkSharp\2.12\bin;C:\Program Files\dotnet\;C:\Program Files\NVIDIA Corporation\NVIDIA NvDLISR;C:\Program Files\PuTTY\;C:\WINDOWS\system32;C:\WINDOWS;C:\WINDOWS\System32\Wbem;C:\WINDOWS\System32\WindowsPowerShell\v1.0\;C:\WINDOWS\System32\OpenSSH\;C:\Users\Wendy\AppData\Roaming\nvm;C:\Program Files\nodejs;C:\Users\Wendy\scoop\shims;C:\Users\Wendy\AppData\Local\Programs\Python\Python310\Scripts\;C:\Users\Wendy\AppData\Local\Programs\Python\Python310\;C:\Users\Wendy\AppData\Local\Microsoft\WindowsApps;C:\Users\Wendy\AppData\Local\Programs\Microsoft VS Code\bin;C:\Users\Wendy\AppData\Roaming\npm;C:\Program Files\heroku\bin;C:\Users\Wendy\AppData\Roaming\Composer\vendor\bin;C:\Users\Wendy\.dotnet\tools;C:\Users\Wendy\AppData\Roaming\nvm;C:\Program Files\nodejs;D:\Android SDK\platform-tools;C:\Program Files (x86)\Nmap
USERNAME=Wendy
LANG=en_US.UTF-8
OS=Windows_NT
PROCESSOR_IDENTIFIER=AMD64 Family 25 Model 80 Stepping 0, AuthenticAMD



---------------  S Y S T E M  ---------------

OS:
 Windows 11 , 64 bit Build 22621 (10.0.22621.3374)
OS uptime: 0 days 11:42 hours

CPU: total 12 (initial active 12) (12 cores per cpu, 2 threads per core) family 25 model 80 stepping 0 microcode 0x0, cx8, cmov, fxsr, ht, mmx, 3dnowpref, sse, sse2, sse3, ssse3, sse4a, sse4.1, sse4.2, popcnt, lzcnt, tsc, tscinvbit, avx, avx2, aes, erms, clmul, bmi1, bmi2, adx, sha, fma, vzeroupper, clflush, clflushopt

Memory: 4k page, system-wide physical 14188M (3330M free)
TotalPageFile size 19188M (AvailPageFile size 227M)
current process WorkingSet (physical memory assigned to process): 11M, peak: 11M
current process commit charge ("private bytes"): 64M, peak: 286M

vm_info: Java HotSpot(TM) 64-Bit Server VM (18+36-2087) for windows-amd64 JRE (18+36-2087), built on Feb 15 2022 09:43:11 by "mach5one" with MS VC++ 16.8 / 16.9 (VS2019)

END.
